==7143== Memcheck, a memory error detector
==7143== Copyright (C) 2002-2024, and GNU GPL'd, by Julian Seward et al.
==7143== Using Valgrind-3.25.1 and LibVEX; rerun with -h for copyright info
==7143== Command: /usr/sbin/python stocks/main.py
==7143== Parent PID: 1178
==7143== 
==7143== 
==7143== HEAP SUMMARY:
==7143==     in use at exit: 93,246 bytes in 35 blocks
==7143==   total heap usage: 114,134 allocs, 114,099 frees, 38,049,026 bytes allocated
==7143== 
==7143== 8 bytes in 1 blocks are still reachable in loss record 1 of 13
==7143==    at 0x484B7A8: malloc (vg_replace_malloc.c:446)
==7143==    by 0x78DADF5: gomp_malloc (alloc.c:38)
==7143==    by 0x78F213F: gomp_init_num_threads (proc.c:91)
==7143==    by 0x78D95FB: initialize_env (env.c:2219)
==7143==    by 0x400B2A6: call_init (dl-init.c:74)
==7143==    by 0x400B2A6: call_init (dl-init.c:26)
==7143==    by 0x400B37C: _dl_init (dl-init.c:121)
==7143==    by 0x40074F6: _dl_catch_exception (dl-catch.c:215)
==7143==    by 0x4012388: dl_open_worker (dl-open.c:799)
==7143==    by 0x4007455: _dl_catch_exception (dl-catch.c:241)
==7143==    by 0x4012819: _dl_open (dl-open.c:900)
==7143==    by 0x4F26F13: dlopen_doit (dlopen.c:56)
==7143==    by 0x4007455: _dl_catch_exception (dl-catch.c:241)
==7143== 
==7143== 96 bytes in 1 blocks are still reachable in loss record 3 of 13
==7143==    at 0x484B7A8: malloc (vg_replace_malloc.c:446)
==7143==    by 0x402CF9F: malloc (rtld-malloc.h:56)
==7143==    by 0x402CF9F: strdup (strdup.c:42)
==7143==    by 0x400EECB: _dl_map_new_object (dl-load.c:2120)
==7143==    by 0x40133C0: dl_open_worker_begin (dl-open.c:535)
==7143==    by 0x4007455: _dl_catch_exception (dl-catch.c:241)
==7143==    by 0x40122FB: dl_open_worker (dl-open.c:762)
==7143==    by 0x4007455: _dl_catch_exception (dl-catch.c:241)
==7143==    by 0x4012819: _dl_open (dl-open.c:900)
==7143==    by 0x4F26F13: dlopen_doit (dlopen.c:56)
==7143==    by 0x4007455: _dl_catch_exception (dl-catch.c:241)
==7143==    by 0x40075A8: _dl_catch_error (dl-catch.c:260)
==7143==    by 0x4F26A02: _dlerror_run (dlerror.c:138)
==7143== 
==7143== 96 bytes in 1 blocks are still reachable in loss record 4 of 13
==7143==    at 0x484B7A8: malloc (vg_replace_malloc.c:446)
==7143==    by 0x40120B0: malloc (rtld-malloc.h:56)
==7143==    by 0x40120B0: _dl_new_object (dl-object.c:199)
==7143==    by 0x400D2F4: _dl_map_object_from_fd (dl-load.c:1065)
==7143==    by 0x400EF58: _dl_map_new_object (dl-load.c:2187)
==7143==    by 0x40133C0: dl_open_worker_begin (dl-open.c:535)
==7143==    by 0x4007455: _dl_catch_exception (dl-catch.c:241)
==7143==    by 0x40122FB: dl_open_worker (dl-open.c:762)
==7143==    by 0x4007455: _dl_catch_exception (dl-catch.c:241)
==7143==    by 0x4012819: _dl_open (dl-open.c:900)
==7143==    by 0x4F26F13: dlopen_doit (dlopen.c:56)
==7143==    by 0x4007455: _dl_catch_exception (dl-catch.c:241)
==7143==    by 0x40075A8: _dl_catch_error (dl-catch.c:260)
==7143== 
==7143== 96 bytes in 1 blocks are still reachable in loss record 5 of 13
==7143==    at 0x4852C13: calloc (vg_replace_malloc.c:1675)
==7143==    by 0x78DAE2D: gomp_malloc_cleared (alloc.c:47)
==7143==    by 0x78D9543: add_initial_icv_to_list (env.c:2160)
==7143==    by 0x78D9617: initialize_env (env.c:2225)
==7143==    by 0x400B2A6: call_init (dl-init.c:74)
==7143==    by 0x400B2A6: call_init (dl-init.c:26)
==7143==    by 0x400B37C: _dl_init (dl-init.c:121)
==7143==    by 0x40074F6: _dl_catch_exception (dl-catch.c:215)
==7143==    by 0x4012388: dl_open_worker (dl-open.c:799)
==7143==    by 0x4007455: _dl_catch_exception (dl-catch.c:241)
==7143==    by 0x4012819: _dl_open (dl-open.c:900)
==7143==    by 0x4F26F13: dlopen_doit (dlopen.c:56)
==7143==    by 0x4007455: _dl_catch_exception (dl-catch.c:241)
==7143== 
==7143== 140 bytes in 6 blocks are still reachable in loss record 6 of 13
==7143==    at 0x484B7A8: malloc (vg_replace_malloc.c:446)
==7143==    by 0x402CF9F: malloc (rtld-malloc.h:56)
==7143==    by 0x402CF9F: strdup (strdup.c:42)
==7143==    by 0x401B054: _dl_load_cache_lookup (dl-cache.c:498)
==7143==    by 0x400F2F5: _dl_map_new_object (dl-load.c:2054)
==7143==    by 0x400883C: openaux (dl-deps.c:64)
==7143==    by 0x4007455: _dl_catch_exception (dl-catch.c:241)
==7143==    by 0x4008CA2: _dl_map_object_deps (dl-deps.c:232)
==7143==    by 0x4012D07: dl_open_worker_begin (dl-open.c:609)
==7143==    by 0x4007455: _dl_catch_exception (dl-catch.c:241)
==7143==    by 0x40122FB: dl_open_worker (dl-open.c:762)
==7143==    by 0x4007455: _dl_catch_exception (dl-catch.c:241)
==7143==    by 0x4012819: _dl_open (dl-open.c:900)
==7143== 
==7143== 140 bytes in 6 blocks are still reachable in loss record 7 of 13
==7143==    at 0x484B7A8: malloc (vg_replace_malloc.c:446)
==7143==    by 0x40120B0: malloc (rtld-malloc.h:56)
==7143==    by 0x40120B0: _dl_new_object (dl-object.c:199)
==7143==    by 0x400D2F4: _dl_map_object_from_fd (dl-load.c:1065)
==7143==    by 0x400EF58: _dl_map_new_object (dl-load.c:2187)
==7143==    by 0x400883C: openaux (dl-deps.c:64)
==7143==    by 0x4007455: _dl_catch_exception (dl-catch.c:241)
==7143==    by 0x4008CA2: _dl_map_object_deps (dl-deps.c:232)
==7143==    by 0x4012D07: dl_open_worker_begin (dl-open.c:609)
==7143==    by 0x4007455: _dl_catch_exception (dl-catch.c:241)
==7143==    by 0x40122FB: dl_open_worker (dl-open.c:762)
==7143==    by 0x4007455: _dl_catch_exception (dl-catch.c:241)
==7143==    by 0x4012819: _dl_open (dl-open.c:900)
==7143== 
==7143== 176 bytes in 2 blocks are still reachable in loss record 8 of 13
==7143==    at 0x484B7A8: malloc (vg_replace_malloc.c:446)
==7143==    by 0x4011038: malloc (rtld-malloc.h:56)
==7143==    by 0x4011038: add_dependency (dl-lookup.c:686)
==7143==    by 0x4011038: _dl_lookup_symbol_x (dl-lookup.c:856)
==7143==    by 0x4014ECF: resolve_map (dl-reloc.c:190)
==7143==    by 0x4014ECF: elf_machine_rela (dl-machine.h:280)
==7143==    by 0x4014ECF: elf_dynamic_do_Rela (do-rel.h:138)
==7143==    by 0x4014ECF: _dl_relocate_object_no_relro (dl-reloc.c:296)
==7143==    by 0x4016EE0: _dl_relocate_object (dl-reloc.c:346)
==7143==    by 0x4012F0A: _dl_open_relocate_one_object (dl-open.c:452)
==7143==    by 0x4012F0A: dl_open_worker_begin (dl-open.c:682)
==7143==    by 0x4007455: _dl_catch_exception (dl-catch.c:241)
==7143==    by 0x40122FB: dl_open_worker (dl-open.c:762)
==7143==    by 0x4007455: _dl_catch_exception (dl-catch.c:241)
==7143==    by 0x4012819: _dl_open (dl-open.c:900)
==7143==    by 0x4F26F13: dlopen_doit (dlopen.c:56)
==7143==    by 0x4007455: _dl_catch_exception (dl-catch.c:241)
==7143==    by 0x40075A8: _dl_catch_error (dl-catch.c:260)
==7143== 
==7143== 1,336 bytes in 1 blocks are still reachable in loss record 9 of 13
==7143==    at 0x4852C13: calloc (vg_replace_malloc.c:1675)
==7143==    by 0x4011DCC: calloc (rtld-malloc.h:44)
==7143==    by 0x4011DCC: _dl_new_object (dl-object.c:92)
==7143==    by 0x400D2F4: _dl_map_object_from_fd (dl-load.c:1065)
==7143==    by 0x400EF58: _dl_map_new_object (dl-load.c:2187)
==7143==    by 0x40133C0: dl_open_worker_begin (dl-open.c:535)
==7143==    by 0x4007455: _dl_catch_exception (dl-catch.c:241)
==7143==    by 0x40122FB: dl_open_worker (dl-open.c:762)
==7143==    by 0x4007455: _dl_catch_exception (dl-catch.c:241)
==7143==    by 0x4012819: _dl_open (dl-open.c:900)
==7143==    by 0x4F26F13: dlopen_doit (dlopen.c:56)
==7143==    by 0x4007455: _dl_catch_exception (dl-catch.c:241)
==7143==    by 0x40075A8: _dl_catch_error (dl-catch.c:260)
==7143== 
==7143== 4,064 bytes in 1 blocks are still reachable in loss record 10 of 13
==7143==    at 0x4852C13: calloc (vg_replace_malloc.c:1675)
==7143==    by 0x40105A6: calloc (rtld-malloc.h:44)
==7143==    by 0x40105A6: do_lookup_unique (dl-lookup.c:268)
==7143==    by 0x40105A6: do_lookup_x (dl-lookup.c:501)
==7143==    by 0x4010A1B: _dl_lookup_symbol_x (dl-lookup.c:787)
==7143==    by 0x4014ECF: resolve_map (dl-reloc.c:190)
==7143==    by 0x4014ECF: elf_machine_rela (dl-machine.h:280)
==7143==    by 0x4014ECF: elf_dynamic_do_Rela (do-rel.h:138)
==7143==    by 0x4014ECF: _dl_relocate_object_no_relro (dl-reloc.c:296)
==7143==    by 0x4016EE0: _dl_relocate_object (dl-reloc.c:346)
==7143==    by 0x4012F0A: _dl_open_relocate_one_object (dl-open.c:452)
==7143==    by 0x4012F0A: dl_open_worker_begin (dl-open.c:682)
==7143==    by 0x4007455: _dl_catch_exception (dl-catch.c:241)
==7143==    by 0x40122FB: dl_open_worker (dl-open.c:762)
==7143==    by 0x4007455: _dl_catch_exception (dl-catch.c:241)
==7143==    by 0x4012819: _dl_open (dl-open.c:900)
==7143==    by 0x4F26F13: dlopen_doit (dlopen.c:56)
==7143==    by 0x4007455: _dl_catch_exception (dl-catch.c:241)
==7143== 
==7143== 5,808 bytes in 7 blocks are still reachable in loss record 11 of 13
==7143==    at 0x4852C13: calloc (vg_replace_malloc.c:1675)
==7143==    by 0x401A37D: calloc (rtld-malloc.h:44)
==7143==    by 0x401A37D: _dl_check_map_versions (dl-version.c:280)
==7143==    by 0x4012D75: dl_open_worker_begin (dl-open.c:617)
==7143==    by 0x4007455: _dl_catch_exception (dl-catch.c:241)
==7143==    by 0x40122FB: dl_open_worker (dl-open.c:762)
==7143==    by 0x4007455: _dl_catch_exception (dl-catch.c:241)
==7143==    by 0x4012819: _dl_open (dl-open.c:900)
==7143==    by 0x4F26F13: dlopen_doit (dlopen.c:56)
==7143==    by 0x4007455: _dl_catch_exception (dl-catch.c:241)
==7143==    by 0x40075A8: _dl_catch_error (dl-catch.c:260)
==7143==    by 0x4F26A02: _dlerror_run (dlerror.c:138)
==7143==    by 0x4F26FCA: dlopen_implementation (dlopen.c:71)
==7143==    by 0x4F26FCA: dlopen@@GLIBC_2.34 (dlopen.c:81)
==7143== 
==7143== 7,526 bytes in 6 blocks are still reachable in loss record 12 of 13
==7143==    at 0x4852C13: calloc (vg_replace_malloc.c:1675)
==7143==    by 0x4011DCC: calloc (rtld-malloc.h:44)
==7143==    by 0x4011DCC: _dl_new_object (dl-object.c:92)
==7143==    by 0x400D2F4: _dl_map_object_from_fd (dl-load.c:1065)
==7143==    by 0x400EF58: _dl_map_new_object (dl-load.c:2187)
==7143==    by 0x400883C: openaux (dl-deps.c:64)
==7143==    by 0x4007455: _dl_catch_exception (dl-catch.c:241)
==7143==    by 0x4008CA2: _dl_map_object_deps (dl-deps.c:232)
==7143==    by 0x4012D07: dl_open_worker_begin (dl-open.c:609)
==7143==    by 0x4007455: _dl_catch_exception (dl-catch.c:241)
==7143==    by 0x40122FB: dl_open_worker (dl-open.c:762)
==7143==    by 0x4007455: _dl_catch_exception (dl-catch.c:241)
==7143==    by 0x4012819: _dl_open (dl-open.c:900)
==7143== 
==7143== 73,728 bytes in 1 blocks are still reachable in loss record 13 of 13
==7143==    at 0x484B7A8: malloc (vg_replace_malloc.c:446)
==7143==    by 0x76E80EF: pool (eh_alloc.cc:235)
==7143==    by 0x76E80EF: __static_initialization_and_destruction_0 (eh_alloc.cc:373)
==7143==    by 0x76E80EF: _GLOBAL__sub_I_eh_alloc.cc (eh_alloc.cc:456)
==7143==    by 0x400B2A6: call_init (dl-init.c:74)
==7143==    by 0x400B2A6: call_init (dl-init.c:26)
==7143==    by 0x400B37C: _dl_init (dl-init.c:121)
==7143==    by 0x40074F6: _dl_catch_exception (dl-catch.c:215)
==7143==    by 0x4012388: dl_open_worker (dl-open.c:799)
==7143==    by 0x4007455: _dl_catch_exception (dl-catch.c:241)
==7143==    by 0x4012819: _dl_open (dl-open.c:900)
==7143==    by 0x4F26F13: dlopen_doit (dlopen.c:56)
==7143==    by 0x4007455: _dl_catch_exception (dl-catch.c:241)
==7143==    by 0x40075A8: _dl_catch_error (dl-catch.c:260)
==7143==    by 0x4F26A02: _dlerror_run (dlerror.c:138)
==7143== 
==7143== LEAK SUMMARY:
==7143==    definitely lost: 0 bytes in 0 blocks
==7143==    indirectly lost: 0 bytes in 0 blocks
==7143==      possibly lost: 0 bytes in 0 blocks
==7143==    still reachable: 93,214 bytes in 34 blocks
==7143==         suppressed: 32 bytes in 1 blocks
==7143== 
==7143== For lists of detected and suppressed errors, rerun with: -s
==7143== ERROR SUMMARY: 0 errors from 0 contexts (suppressed: 0 from 0)